<?xml version="1.0" encoding="UTF-8"?>
<!-- Generated by org.testng.reporters.JUnitReportReporter -->
<testsuite hostname="Krishnas-MacBook-Air.local" failures="0" tests="1" name="cucumberOptions.TestNGTestRunner" time="7.404" errors="0" timestamp="2024-10-08T05:48:20 IST" skipped="0">
  <testcase classname="cucumberOptions.TestNGTestRunner" name="runScenario" time="7.404"/>
</testsuite> <!-- cucumberOptions.TestNGTestRunner -->
